BNP Paribas	unsupported
Balyasny Asset Management	unsupported
Bank of America Merrill Lynch	workday: needs implementation
Barclays	workday: needs implementation
Blackstone Alternative Asset Management	unsupported
Brevan Howard	unsupported
Bridgewater Associates	unsupported
Castleton Commodities	unsupported
Caxton Associates	unsupported
Citadel	unsupported
Citadel Securities	unsupported
Citigroup	unsupported
D.E. Shaw	unsupported
DRW	unsupported
Deutsche Bank	unsupported
Evercore	unsupported
G-Research	unsupported
GTS	unsupported
Goldman Sachs	unsupported
Group One Trading	unsupported
HSBC	unsupported
Highbridge Capital Management	unsupported
IMC Trading	unsupported
JPMorgan Chase	unsupported
Jefferies	unsupported
Macquarie Group	unsupported
Man Group	unsupported
Millennium Management	unsupported
Morgan Stanley	unsupported
Nomura	unsupported
Quantitative Brokers	unsupported
Quantlab Financial	unsupported
Qube Research & Technologies	unsupported
RBC Capital Markets	unsupported
Renaissance Technologies	unsupported
Société Générale	unsupported
Susquehanna (SIG)	unsupported
Tower Research Capital	unsupported
Tudor Investment Corporation	unsupported
Two Sigma	unsupported
UBS	unsupported
Verition Fund Management	unsupported
Wells Fargo	unsupported
Whitebox Advisors	unsupported
Wintermute	unsupported
Wolverine Trading	unsupported
XR Trading	unsupported
